
Building the Fixed_point docs with automatic index generation enabled.
Performing configuration checks

    - symlinks supported       : yes (cached)
...found 36 targets...
...updating 9 targets...
doxygen-action ..\..\..\bin.v2\libs\fixed_point\doc\455e2f403de9f0fcee2d24dc44229719\autodoc-xml.xml-dir
Searching for include files...
Searching for example files...
Searching for images...
Searching for dot files...
Searching for msc files...
Searching for dia files...
Searching for files to exclude
Searching for files to process...
Reading and parsing tag files
Parsing files
Preprocessing I:/modular-boost/libs/fixed_point/include/boost/fixed_point/fixed_point.hpp...
Parsing file I:/modular-boost/libs/fixed_point/include/boost/fixed_point/fixed_point.hpp...
Building group list...
Building directory list...
Building namespace list...
Building file list...
Building class list...
Associating documentation with classes...
Computing nesting relations for classes...
Building example list...
Searching for enumerations...
Searching for documented typedefs...
Searching for members imported via using declarations...
Searching for included using directives...
Searching for documented variables...
Building interface member list...
Building member list...
Searching for friends...
Searching for documented defines...
Computing class inheritance relations...
Computing class usage relations...
Flushing cached template relations that have become invalid...
Creating members for template instances...
Computing class relations...
Add enum values to enums...
Searching for member function documentation...
Building page list...
Search for main page...
Computing page relations...
Determining the scope of groups...
Sorting lists...
Freeing entry tree
Determining which enums are documented
Computing member relations...
Building full member lists recursively...
Adding members to member groups.
Computing member references...
Inheriting documentation...
Generating disk names...
Adding source references...
Adding xrefitems...
Sorting member lists...
Computing dependencies between directories...
Generating citations page...
Counting data structures...
Resolving user defined references...
Finding anchors and sections in the documentation...
Transferring function references...
Combining using relations...
Adding members to index pages...
Generating style sheet...
Generating example documentation...
Generating file sources...
Generating file documentation...
Generating page documentation...
Generating group documentation...
Generating class documentation...
Generating namespace index...
Generating docs for namespace boost
Generating docs for compound boost::math::fixed_point::negatable...
Generating docs for namespace boost::math::fixed_point::overflow
Generating docs for namespace boost::math::fixed_point::round
Generating docs for compound std::numeric_limits< boost::math::fixed_point::negatable< range, resolution, round_mode, overflow_mode > >...
Generating graph info page...
Generating directory documentation...
finalizing index lists...
writing tag file...
Generating XML output...
Generating XML output for class boost::math::fixed_point::negatable
Generating XML output for class boost::math::fixed_point::negatable::nothing
Generating XML output for class std::numeric_limits< boost::math::fixed_point::negatable< range, resolution, round_mode, overflow_mode > >
Generating XML output for namespace boost
Generating XML output for namespace boost::math
Generating XML output for namespace boost::math::fixed_point
Generating XML output for namespace boost::math::fixed_point::overflow
Generating XML output for namespace boost::math::fixed_point::round
Generating XML output for namespace std
Generating XML output for file fixed_point.hpp
Generate XML output for dir I:/modular-boost/libs/fixed_point/include/boost/
Generate XML output for dir I:/modular-boost/libs/fixed_point/include/boost/fixed_point/
Generate XML output for dir I:/modular-boost/libs/fixed_point/include/
lookup cache used 170/65536 hits=12404 misses=170
finished...
xslt-xsltproc.windows ..\..\..\bin.v2\libs\fixed_point\doc\455e2f403de9f0fcee2d24dc44229719\autodoc-xml.doxygen
xslt-xsltproc.windows ..\..\..\bin.v2\libs\fixed_point\doc\455e2f403de9f0fcee2d24dc44229719\autodoc-xml.boostbook
common.copy autodoc.xml
..\..\..\bin.v2\libs\fixed_point\doc\455e2f403de9f0fcee2d24dc44229719\autodoc-xml.boostbook
        1 file(s) copied.
quickbook.quickbook-to-boostbook ..\..\..\bin.v2\libs\fixed_point\doc\455e2f403de9f0fcee2d24dc44229719\fixed_point.xml
Generating Output File: ..\..\..\bin.v2\libs\fixed_point\doc\455e2f403de9f0fcee2d24dc44229719\fixed_point.xml
fixed_point.qbk: warning: Quickbook 1.7 is still under development and is likely to change in the future.
xslt-xsltproc.windows ..\..\..\bin.v2\libs\fixed_point\doc\455e2f403de9f0fcee2d24dc44229719\fixed_point.docbook
Cannot find class named 'negatable_type'
Cannot find class named 'negatable_type'
Cannot find class named 'negatable_type'
Cannot find class named 'negatable_type'
Cannot find class named 'negatable_type'
Cannot find class named 'negatable_type'
Cannot find class named 'negatable_type'
Cannot find class named 'negatable_type'
Cannot find class named 'negatable_type'
Cannot find class named 'negatable_type'
Cannot find class named 'negatable_type'
Cannot find class named 'negatable_type'
Cannot find class named 'negatable_type'
Cannot find class named 'negatable_type'
Cannot find class named 'negatable_type'
Cannot find class named 'negatable_type'
Cannot find class named 'negatable_type'
Cannot find class named 'negatable_type'
Cannot find class named 'negatable_type'
Cannot find class named 'negatable_type'
Cannot find class named 'negatable_type'
Cannot find class named 'negatable_type'
Cannot find class named 'negatable_type'
Cannot find class named 'negatable_type'
Cannot find class named 'negatable_type'
Cannot find class named 'negatable_type'
Cannot find class named 'negatable_type'
Cannot find class named 'negatable_type'
auto-index.auto-index ..\..\..\bin.v2\libs\fixed_point\doc\455e2f403de9f0fcee2d24dc44229719\fixed_point.auto_index.docbook
Processing script index.idx
Scanning directory .\../include/boost/fixed_point
Scanning file... .\../include/boost/fixed_point\fixed_point.hpp
Scanning for type "class_name" ... 
Indexing integer_type_helper as type class_name
Indexing radix_split_maker as type class_name
Indexing negatable as type class_name
Indexing nothing as type class_name
Scanning for type "function_name" ... 
Indexing convert_to as type function_name
Indexing value as type function_name
Indexing arithmetic_type as type function_name
Indexing tmp as type function_name
Indexing char as type function_name
Indexing short as type function_name
Indexing int as type function_name
Indexing long as type function_name
Indexing float as type function_name
Indexing double as type function_name
Indexing radix_split_value as type function_name
Indexing is_quiet_nan as type function_name
Indexing is_infinity as type function_name
Indexing make_unsigned_constant as type function_name
Indexing value_epsilon as type function_name
Indexing value_min as type function_name
Indexing value_max as type function_name
Indexing value_infinity as type function_name
Indexing value_quiet_nan as type function_name
Indexing negatable as type function_name
Indexing fabs as type function_name
Indexing floor as type function_name
Indexing ceil as type function_name
Indexing sqrt as type function_name
Indexing if as type function_name
Indexing exp as type function_name
Indexing log as type function_name
Indexing sin as type function_name
Indexing cos as type function_name
Indexing tan as type function_name
Indexing asin as type function_name
Indexing acos as type function_name
Indexing atan as type function_name
Indexing sinh as type function_name
Indexing cosh as type function_name
Indexing tanh as type function_name
Indexing asinh as type function_name
Indexing acosh as type function_name
Indexing atanh as type function_name
Scanning for type "macro_name" ... 
Indexing FIXED_POINT_2015_03_06_HPP_ as type macro_name
Scanning for type "typedef_name" ... 
Indexing exact_signed_type as type typedef_name
Indexing exact_unsigned_type as type typedef_name
Indexing value_type as type typedef_name
Indexing unsigned_small_type as type typedef_name
Indexing unsigned_large_type as type typedef_name
Indexing negatable_type as type typedef_name
Scanning file... .\../example/fixed_point_demo.cpp
Scanning for type "class_name" ... 
Scanning for type "function_name" ... 
Indexing main as type function_name
Scanning for type "macro_name" ... 
Scanning for type "typedef_name" ... 
Indexing fixed_point_type as type typedef_name
Indexing 69 terms...
Indexing section: Boost.Fixed-point
Indexing section: Introduction
Indexing section: Constructing and Interconverting Between Number Types
Indexing section: Mixed Precision Arithmetic
Indexing section: How to Determine the Kind of a Number From std :: numeric_limits
Indexing section: Numeric limits for 32-bit platform
Indexing section: Integer types constants ( std :: numeric_limits &lt; T &gt;:: is_integer == true &amp;&amp; is_exact == true)
Indexing section: Integer types functions ( std :: numeric_limits &lt; T &gt;:: is_integer == true &amp;&amp; std :: numeric_limits &lt; T &gt;:: min () == std :: numeric_limits &lt; T &gt;:: lowest () )
Indexing section: Fixed-point types constants ( std :: numeric_limits &lt; T &gt;:: is_integer == false &amp;&amp; is_signed == true &amp;&amp; is_modulo == false &amp;&amp; is_exact == false &amp;&amp; is_bound == true )
Indexing section: Floating-point types functions ( std :: numeric_limits &lt; T &gt;:: is_integer == false )
Indexing section: Header File Structure
Indexing section: Top level headers
Indexing section: Implementation Headers
Indexing section: Performance Comparison
Indexing section: Roadmap
Indexing section: TODO
Indexing section: FAQ
Indexing section: Acknowledgements
Indexing section: Boost.Fixed_point C++ Reference
Indexing section: Header &lt; boost/fixed_point/fixed_point.hpp &gt;
Indexing refentry: Class template negatable
Indexing refentry: Struct nothing
Indexing refentry: Class template numeric_limits&lt;boost::math::fixed_point::negatable&lt; range, resolution, round_mode, overflow_mode &gt;&gt;
Indexing section: Indexes
34 Index entries were created.
xslt-xsltproc-dir.windows html\standalone_HTML.manifest
Error: no ID for constraint linkend: boost_multiprecision.ref.number.traits_class_support.
...updated 9 targets...
